<?xml version="1.0" encoding="UTF-8"?>
<!-- Generated by org.testng.reporters.JUnitReportReporter -->
<testsuite hostname="DESKTOP-T0PR8DN" failures="0" tests="10" name="com.mindtree.runner.BDDTestRunner" time="278.760" errors="0" timestamp="2022-01-17T20:44:22 IST" skipped="0">
  <testcase classname="com.mindtree.runner.BDDTestRunner" name="runScenario" time="38.054"/>
  <testcase classname="com.mindtree.runner.BDDTestRunner" name="runScenario" time="24.243"/>
  <testcase classname="com.mindtree.runner.BDDTestRunner" name="runScenario" time="12.740"/>
  <testcase classname="com.mindtree.runner.BDDTestRunner" name="runScenario" time="20.971"/>
  <testcase classname="com.mindtree.runner.BDDTestRunner" name="runScenario" time="24.613"/>
  <testcase classname="com.mindtree.runner.BDDTestRunner" name="runScenario" time="28.499"/>
  <testcase classname="com.mindtree.runner.BDDTestRunner" name="runScenario" time="52.630"/>
  <testcase classname="com.mindtree.runner.BDDTestRunner" name="runScenario" time="29.115"/>
  <testcase classname="com.mindtree.runner.BDDTestRunner" name="runScenario" time="28.815"/>
  <testcase classname="com.mindtree.runner.BDDTestRunner" name="runScenario" time="19.080"/>
</testsuite> <!-- com.mindtree.runner.BDDTestRunner -->
