<?xml version="1.0" encoding="UTF-8"?>
<!-- Generated by org.testng.reporters.JUnitReportReporter -->
<testsuite hostname="DESKTOP-T0PR8DN" failures="0" tests="10" name="com.mindtree.runner.BDDTestRunner" time="281.515" errors="0" timestamp="2022-01-17T22:19:45 IST" skipped="0">
  <testcase classname="com.mindtree.runner.BDDTestRunner" name="runScenario" time="37.905"/>
  <testcase classname="com.mindtree.runner.BDDTestRunner" name="runScenario" time="23.257"/>
  <testcase classname="com.mindtree.runner.BDDTestRunner" name="runScenario" time="30.936"/>
  <testcase classname="com.mindtree.runner.BDDTestRunner" name="runScenario" time="53.361"/>
  <testcase classname="com.mindtree.runner.BDDTestRunner" name="runScenario" time="24.749"/>
  <testcase classname="com.mindtree.runner.BDDTestRunner" name="runScenario" time="20.312"/>
  <testcase classname="com.mindtree.runner.BDDTestRunner" name="runScenario" time="18.554"/>
  <testcase classname="com.mindtree.runner.BDDTestRunner" name="runScenario" time="28.209"/>
  <testcase classname="com.mindtree.runner.BDDTestRunner" name="runScenario" time="30.738"/>
  <testcase classname="com.mindtree.runner.BDDTestRunner" name="runScenario" time="13.494"/>
</testsuite> <!-- com.mindtree.runner.BDDTestRunner -->
